<?xml version="1.0" encoding="utf-8"?><testsuites name="pytest tests"><testsuite name="pytest" errors="0" failures="0" skipped="0" tests="31" time="4.504" timestamp="2026-08-18T11:12:49.865871+00:00" hostname="agent-env-865755d5-96b8-4f8a-8ed1-2213d64b728d"><testcase classname="tests.test_rhisos_backend.TestQuotes" name="test_setup_customer" time="0.786" /><testcase classname="tests.test_rhisos_backend.TestQuotes" name="test_create_quote_totals" time="0.073" /><testcase classname="tests.test_rhisos_backend.TestTransactions" name="test_create_income" time="0.937" /><testcase classname="tests.test_rhisos_backend.TestQuotes" name="test_get_quote" time="0.116" /><testcase classname="tests.test_rhisos_backend.TestTransactions" name="test_create_expense" time="0.132" /><testcase classname="tests.test_rhisos_backend.TestQuotes" name="test_update_quote" time="0.073" /><testcase classname="tests.test_rhisos_backend.TestQuotes" name="test_approve_creates_income" time="0.180" /><testcase classname="tests.test_rhisos_backend.TestTransactions" name="test_filter_type" time="0.131" /><testcase classname="tests.test_rhisos_backend.TestTransactions" name="test_filter_date" time="0.092" /><testcase classname="tests.test_rhisos_backend.TestQuotes" name="test_revert_removes_income" time="0.181" /><testcase classname="tests.test_rhisos_backend.TestTransactions" name="test_delete_transaction" time="0.132" /><testcase classname="tests.test_rhisos_backend.TestQuotes" name="test_delete_quote" time="0.593" /><testcase classname="tests.test_rhisos_backend.TestExcelExport" name="test_setup" time="0.261" /><testcase classname="tests.test_rhisos_backend.TestExcelExport" name="test_export_all" time="0.373" /><testcase classname="tests.test_rhisos_backend.TestAuth" name="test_login_success" time="0.110" /><testcase classname="tests.test_rhisos_backend.TestExcelExport" name="test_export_type_filter" time="0.438" /><testcase classname="tests.test_rhisos_backend.TestAuth" name="test_login_invalid" time="0.620" /><testcase classname="tests.test_rhisos_backend.TestExcelExport" name="test_export_date_filter" time="0.230" /><testcase classname="tests.test_rhisos_backend.TestExcelExport" name="test_cleanup" time="0.170" /><testcase classname="tests.test_rhisos_backend.TestAuth" name="test_me_unauthorized" time="0.148" /><testcase classname="tests.test_rhisos_backend.TestAuth" name="test_register_new_user" time="0.493" /><testcase classname="tests.test_rhisos_backend.TestCustomers" name="test_create_customer" time="0.084" /><testcase classname="tests.test_rhisos_backend.TestCustomers" name="test_get_customers" time="0.091" /><testcase classname="tests.test_rhisos_backend.TestCustomers" name="test_update_customer" time="0.291" /><testcase classname="tests.test_rhisos_backend.TestCustomers" name="test_delete_customer_last" time="0.000" /><testcase classname="tests.test_rhisos_backend.TestSettings" name="test_get_default" time="0.231" /><testcase classname="tests.test_rhisos_backend.TestExpiringQuotes" name="test_setup" time="0.205" /><testcase classname="tests.test_rhisos_backend.TestExpiringQuotes" name="test_dashboard_lists_expiring" time="0.071" /><testcase classname="tests.test_rhisos_backend.TestSettings" name="test_update_and_persist" time="0.208" /><testcase classname="tests.test_rhisos_backend.TestExpiringQuotes" name="test_cleanup" time="0.206" /><testcase classname="tests.test_rhisos_backend.TestDashboard" name="test_stats" time="0.081" /></testsuite></testsuites>