<?xml version="1.0" encoding="utf-8"?><testsuites name="pytest tests"><testsuite name="pytest" errors="0" failures="0" skipped="0" tests="49" time="5.756" timestamp="2026-08-18T11:41:24.632494+00:00" hostname="agent-env-865755d5-96b8-4f8a-8ed1-2213d64b728d"><testcase classname="tests.test_rhisos_backend.TestQuotePayments" name="test_setup" time="0.906" /><testcase classname="tests.test_rhisos_backend.TestQuotes" name="test_setup_customer" time="0.895" /><testcase classname="tests.test_rhisos_backend.TestQuotes" name="test_create_quote_totals" time="0.078" /><testcase classname="tests.test_rhisos_backend.TestQuotePayments" name="test_add_payment_creates_income_txn" time="0.165" /><testcase classname="tests.test_rhisos_backend.TestQuotes" name="test_get_quote" time="0.080" /><testcase classname="tests.test_rhisos_backend.TestQuotes" name="test_update_quote" time="0.073" /><testcase classname="tests.test_rhisos_backend.TestQuotePayments" name="test_remaining_balance" time="0.081" /><testcase classname="tests.test_rhisos_backend.TestQuotes" name="test_approve_does_NOT_create_income" time="0.152" /><testcase classname="tests.test_rhisos_backend.TestQuotePayments" name="test_reject_zero_or_negative_amount" time="0.076" /><testcase classname="tests.test_rhisos_backend.TestQuotePayments" name="test_delete_payment_removes_txn" time="0.156" /><testcase classname="tests.test_rhisos_backend.TestQuotes" name="test_revert_status" time="0.071" /><testcase classname="tests.test_rhisos_backend.TestQuotes" name="test_delete_quote" time="0.286" /><testcase classname="tests.test_rhisos_backend.TestQuotePayments" name="test_cleanup" time="0.160" /><testcase classname="tests.test_rhisos_backend.TestTransactions" name="test_create_income" time="0.077" /><testcase classname="tests.test_rhisos_backend.TestTransactions" name="test_create_expense" time="0.077" /><testcase classname="tests.test_rhisos_backend.TestExcelExport" name="test_setup" time="0.141" /><testcase classname="tests.test_rhisos_backend.TestTransactions" name="test_filter_type" time="0.077" /><testcase classname="tests.test_rhisos_backend.TestTransactions" name="test_filter_date" time="0.336" /><testcase classname="tests.test_rhisos_backend.TestExcelExport" name="test_export_all" time="0.333" /><testcase classname="tests.test_rhisos_backend.TestExcelExport" name="test_export_type_filter" time="0.360" /><testcase classname="tests.test_rhisos_backend.TestTransactions" name="test_delete_transaction" time="0.085" /><testcase classname="tests.test_rhisos_backend.TestAuth" name="test_login_success" time="0.190" /><testcase classname="tests.test_rhisos_backend.TestAuth" name="test_login_invalid" time="0.540" /><testcase classname="tests.test_rhisos_backend.TestExcelExport" name="test_export_date_filter" time="0.081" /><testcase classname="tests.test_rhisos_backend.TestExcelExport" name="test_cleanup" time="0.327" /><testcase classname="tests.test_rhisos_backend.TestCustomers" name="test_create_customer" time="0.115" /><testcase classname="tests.test_rhisos_backend.TestAuth" name="test_me_unauthorized" time="0.212" /><testcase classname="tests.test_rhisos_backend.TestCustomers" name="test_get_customers" time="0.073" /><testcase classname="tests.test_rhisos_backend.TestCustomers" name="test_update_customer" time="0.115" /><testcase classname="tests.test_rhisos_backend.TestAuth" name="test_register_new_user" time="0.477" /><testcase classname="tests.test_rhisos_backend.TestCustomers" name="test_delete_customer_last" time="0.000" /><testcase classname="tests.test_rhisos_backend.TestCustomerHistory" name="test_setup" time="0.422" /><testcase classname="tests.test_rhisos_backend.TestCustomerHistory" name="test_history_endpoint" time="0.098" /><testcase classname="tests.test_rhisos_backend.TestMonthlyProfit" name="test_setup" time="0.157" /><testcase classname="tests.test_rhisos_backend.TestCustomerHistory" name="test_history_404" time="0.070" /><testcase classname="tests.test_rhisos_backend.TestCustomerHistory" name="test_cleanup" time="0.164" /><testcase classname="tests.test_rhisos_backend.TestMonthlyProfit" name="test_monthly_profit_current" time="0.080" /><testcase classname="tests.test_rhisos_backend.TestMonthlyProfit" name="test_monthly_profit_empty_month" time="0.080" /><testcase classname="tests.test_rhisos_backend.TestMonthlyProfit" name="test_cleanup" time="0.162" /><testcase classname="tests.test_rhisos_backend.TestEmailQuote" name="test_setup" time="0.288" /><testcase classname="tests.test_rhisos_backend.TestExpiringQuotes" name="test_setup" time="0.245" /><testcase classname="tests.test_rhisos_backend.TestEmailQuote" name="test_email_no_customer_email_returns_400" time="0.071" /><testcase classname="tests.test_rhisos_backend.TestEmailQuote" name="test_email_success" time="0.322" /><testcase classname="tests.test_rhisos_backend.TestExpiringQuotes" name="test_dashboard_lists_expiring" time="0.081" /><testcase classname="tests.test_rhisos_backend.TestExpiringQuotes" name="test_cleanup" time="0.241" /><testcase classname="tests.test_rhisos_backend.TestEmailQuote" name="test_cleanup" time="0.285" /><testcase classname="tests.test_rhisos_backend.TestDashboard" name="test_stats" time="0.082" /><testcase classname="tests.test_rhisos_backend.TestSettings" name="test_get_default" time="0.072" /><testcase classname="tests.test_rhisos_backend.TestSettings" name="test_update_and_persist" time="0.146" /></testsuite></testsuites>